

Started GET "/users/dashboard" for 127.0.0.1 at 2012-09-23 17:15:13 -0700
  Processing by UsersController#dashboard as HTML
Completed 500 Internal Server Error in 22ms

NoMethodError (undefined method `find_latest_closed' for #<Post:0x0000010217dd80>):
  app/controllers/users_controller.rb:108:in `dashboard'

Rendered /Users/hrastogi/.rvm/gems/ruby-1.9.2-p290/gems/actionpack-3.1.3/lib/action_dispatch/middleware/templates/rescues/_trace.erb (0.9ms)
Rendered /Users/hrastogi/.rvm/gems/ruby-1.9.2-p290/gems/actionpack-3.1.3/lib/action_dispatch/middleware/templates/rescues/_request_and_response.erb (10.6ms)
Rendered /Users/hrastogi/.rvm/gems/ruby-1.9.2-p290/gems/actionpack-3.1.3/lib/action_dispatch/middleware/templates/rescues/diagnostics.erb within rescues/layout (22.9ms)


Started GET "/users/dashboard" for 127.0.0.1 at 2012-09-23 17:16:15 -0700
  Processing by UsersController#dashboard as HTML
Completed 500 Internal Server Error in 22ms

NoMethodError (undefined method `where' for #<Post:0x0000010254cd80>):
  app/models/post.rb:14:in `find_latest_closed'
  app/controllers/users_controller.rb:108:in `dashboard'

Rendered /Users/hrastogi/.rvm/gems/ruby-1.9.2-p290/gems/actionpack-3.1.3/lib/action_dispatch/middleware/templates/rescues/_trace.erb (1.0ms)
Rendered /Users/hrastogi/.rvm/gems/ruby-1.9.2-p290/gems/actionpack-3.1.3/lib/action_dispatch/middleware/templates/rescues/_request_and_response.erb (10.9ms)
Rendered /Users/hrastogi/.rvm/gems/ruby-1.9.2-p290/gems/actionpack-3.1.3/lib/action_dispatch/middleware/templates/rescues/diagnostics.erb within rescues/layout (23.0ms)


Started GET "/users/dashboard" for 127.0.0.1 at 2012-09-24 08:59:20 -0700
  Processing by UsersController#dashboard as HTML
Completed 500 Internal Server Error in 21ms

NoMethodError (undefined method `where' for #<Post:0x00000102b23920>):
  app/models/post.rb:14:in `find_latest_closed'
  app/controllers/users_controller.rb:108:in `dashboard'

Rendered /Users/hrastogi/.rvm/gems/ruby-1.9.2-p290/gems/actionpack-3.1.3/lib/action_dispatch/middleware/templates/rescues/_trace.erb (1.0ms)
Rendered /Users/hrastogi/.rvm/gems/ruby-1.9.2-p290/gems/actionpack-3.1.3/lib/action_dispatch/middleware/templates/rescues/_request_and_response.erb (10.7ms)
Rendered /Users/hrastogi/.rvm/gems/ruby-1.9.2-p290/gems/actionpack-3.1.3/lib/action_dispatch/middleware/templates/rescues/diagnostics.erb within rescues/layout (23.4ms)


Started GET "/users/dashboard" for 127.0.0.1 at 2012-09-24 09:03:20 -0700
  Processing by UsersController#dashboard as HTML
Completed 500 Internal Server Error in 22ms

NoMethodError (undefined method `where' for #<Post:0x00000102108260>):
  app/models/post.rb:14:in `find_latest_closed'
  app/controllers/users_controller.rb:108:in `dashboard'

Rendered /Users/hrastogi/.rvm/gems/ruby-1.9.2-p290/gems/actionpack-3.1.3/lib/action_dispatch/middleware/templates/rescues/_trace.erb (0.9ms)
Rendered /Users/hrastogi/.rvm/gems/ruby-1.9.2-p290/gems/actionpack-3.1.3/lib/action_dispatch/middleware/templates/rescues/_request_and_response.erb (11.0ms)
Rendered /Users/hrastogi/.rvm/gems/ruby-1.9.2-p290/gems/actionpack-3.1.3/lib/action_dispatch/middleware/templates/rescues/diagnostics.erb within rescues/layout (23.2ms)


Started GET "/users/dashboard" for 127.0.0.1 at 2012-09-24 09:04:23 -0700
  Processing by UsersController#dashboard as HTML
Completed 500 Internal Server Error in 22ms

NoMethodError (undefined method `where' for #<Post:0x000001032595c8>):
  app/models/post.rb:14:in `find_latest_closed'
  app/controllers/users_controller.rb:108:in `dashboard'

Rendered /Users/hrastogi/.rvm/gems/ruby-1.9.2-p290/gems/actionpack-3.1.3/lib/action_dispatch/middleware/templates/rescues/_trace.erb (0.9ms)
Rendered /Users/hrastogi/.rvm/gems/ruby-1.9.2-p290/gems/actionpack-3.1.3/lib/action_dispatch/middleware/templates/rescues/_request_and_response.erb (10.4ms)
Rendered /Users/hrastogi/.rvm/gems/ruby-1.9.2-p290/gems/actionpack-3.1.3/lib/action_dispatch/middleware/templates/rescues/diagnostics.erb within rescues/layout (22.3ms)


Started GET "/users/login" for 127.0.0.1 at 2012-09-24 09:04:30 -0700

AbstractController::ActionNotFound (The action 'show' could not be found for UsersController):
  

Rendered /Users/hrastogi/.rvm/gems/ruby-1.9.2-p290/gems/actionpack-3.1.3/lib/action_dispatch/middleware/templates/rescues/unknown_action.erb within rescues/layout (0.3ms)


Started GET "/welcome" for 127.0.0.1 at 2012-09-24 09:04:35 -0700
  Processing by WelcomeController#index as HTML
Redirected to http://localhost:3000/users/dashboard
Completed 302 Found in 0ms


Started GET "/users/dashboard" for 127.0.0.1 at 2012-09-24 09:04:35 -0700
  Processing by UsersController#dashboard as HTML
Completed 500 Internal Server Error in 21ms

NoMethodError (undefined method `where' for #<Post:0x0000010099f268>):
  app/models/post.rb:14:in `find_latest_closed'
  app/controllers/users_controller.rb:108:in `dashboard'

Rendered /Users/hrastogi/.rvm/gems/ruby-1.9.2-p290/gems/actionpack-3.1.3/lib/action_dispatch/middleware/templates/rescues/_trace.erb (1.0ms)
Rendered /Users/hrastogi/.rvm/gems/ruby-1.9.2-p290/gems/actionpack-3.1.3/lib/action_dispatch/middleware/templates/rescues/_request_and_response.erb (10.6ms)
Rendered /Users/hrastogi/.rvm/gems/ruby-1.9.2-p290/gems/actionpack-3.1.3/lib/action_dispatch/middleware/templates/rescues/diagnostics.erb within rescues/layout (13.2ms)


Started GET "/users/dashboard" for 127.0.0.1 at 2012-09-24 09:05:21 -0700
  Processing by UsersController#dashboard as HTML
Completed 500 Internal Server Error in 22ms

NoMethodError (undefined method `where' for #<Post:0x00000101baaac0>):
  app/models/post.rb:14:in `find_latest_closed'
  app/controllers/users_controller.rb:108:in `dashboard'

Rendered /Users/hrastogi/.rvm/gems/ruby-1.9.2-p290/gems/actionpack-3.1.3/lib/action_dispatch/middleware/templates/rescues/_trace.erb (1.0ms)
Rendered /Users/hrastogi/.rvm/gems/ruby-1.9.2-p290/gems/actionpack-3.1.3/lib/action_dispatch/middleware/templates/rescues/_request_and_response.erb (11.0ms)
Rendered /Users/hrastogi/.rvm/gems/ruby-1.9.2-p290/gems/actionpack-3.1.3/lib/action_dispatch/middleware/templates/rescues/diagnostics.erb within rescues/layout (23.2ms)


Started GET "/users/dashboard" for 127.0.0.1 at 2012-09-24 09:05:34 -0700
  Processing by UsersController#dashboard as HTML
Completed 500 Internal Server Error in 22ms

NoMethodError (undefined method `where' for #<Post:0x0000010173b110>):
  app/models/post.rb:14:in `find_latest_closed'
  app/controllers/users_controller.rb:108:in `dashboard'

Rendered /Users/hrastogi/.rvm/gems/ruby-1.9.2-p290/gems/actionpack-3.1.3/lib/action_dispatch/middleware/templates/rescues/_trace.erb (1.0ms)
Rendered /Users/hrastogi/.rvm/gems/ruby-1.9.2-p290/gems/actionpack-3.1.3/lib/action_dispatch/middleware/templates/rescues/_request_and_response.erb (11.2ms)
Rendered /Users/hrastogi/.rvm/gems/ruby-1.9.2-p290/gems/actionpack-3.1.3/lib/action_dispatch/middleware/templates/rescues/diagnostics.erb within rescues/layout (24.0ms)


Started GET "/users/dashboard" for 127.0.0.1 at 2012-09-24 09:07:58 -0700
  Processing by UsersController#dashboard as HTML
Completed 500 Internal Server Error in 22ms

NoMethodError (undefined method `where' for #<Post:0x000001030d9ec8>):
  app/models/post.rb:14:in `find_latest_closed'
  app/controllers/users_controller.rb:108:in `dashboard'

Rendered /Users/hrastogi/.rvm/gems/ruby-1.9.2-p290/gems/actionpack-3.1.3/lib/action_dispatch/middleware/templates/rescues/_trace.erb (0.9ms)
Rendered /Users/hrastogi/.rvm/gems/ruby-1.9.2-p290/gems/actionpack-3.1.3/lib/action_dispatch/middleware/templates/rescues/_request_and_response.erb (10.7ms)
Rendered /Users/hrastogi/.rvm/gems/ruby-1.9.2-p290/gems/actionpack-3.1.3/lib/action_dispatch/middleware/templates/rescues/diagnostics.erb within rescues/layout (22.3ms)


Started GET "/users/dashboard" for 127.0.0.1 at 2012-09-24 09:08:18 -0700
  Processing by UsersController#dashboard as HTML
Completed 500 Internal Server Error in 22ms

NoMethodError (undefined method `where' for #<Post:0x000001015e1a30>):
  app/models/post.rb:14:in `find_latest_closed'
  app/controllers/users_controller.rb:108:in `dashboard'

Rendered /Users/hrastogi/.rvm/gems/ruby-1.9.2-p290/gems/actionpack-3.1.3/lib/action_dispatch/middleware/templates/rescues/_trace.erb (0.9ms)
Rendered /Users/hrastogi/.rvm/gems/ruby-1.9.2-p290/gems/actionpack-3.1.3/lib/action_dispatch/middleware/templates/rescues/_request_and_response.erb (10.9ms)
Rendered /Users/hrastogi/.rvm/gems/ruby-1.9.2-p290/gems/actionpack-3.1.3/lib/action_dispatch/middleware/templates/rescues/diagnostics.erb within rescues/layout (23.2ms)


Started GET "/users/dashboard" for 127.0.0.1 at 2012-09-24 09:17:00 -0700
  Processing by UsersController#dashboard as HTML
Completed 500 Internal Server Error in 21ms

NoMethodError (undefined method `where' for #<Post:0x000001024183b0>):
  app/models/post.rb:14:in `find_latest_closed'
  app/controllers/users_controller.rb:108:in `dashboard'

Rendered /Users/hrastogi/.rvm/gems/ruby-1.9.2-p290/gems/actionpack-3.1.3/lib/action_dispatch/middleware/templates/rescues/_trace.erb (0.9ms)
Rendered /Users/hrastogi/.rvm/gems/ruby-1.9.2-p290/gems/actionpack-3.1.3/lib/action_dispatch/middleware/templates/rescues/_request_and_response.erb (10.8ms)
Rendered /Users/hrastogi/.rvm/gems/ruby-1.9.2-p290/gems/actionpack-3.1.3/lib/action_dispatch/middleware/templates/rescues/diagnostics.erb within rescues/layout (22.9ms)


Started GET "/users/dashboard" for 127.0.0.1 at 2012-09-24 09:19:49 -0700
  Processing by UsersController#dashboard as HTML
Completed 500 Internal Server Error in 23ms

NoMethodError (undefined method `where' for #<Post:0x00000102d3b708>):
  app/models/post.rb:14:in `find_latest_closed'
  app/controllers/users_controller.rb:108:in `dashboard'

Rendered /Users/hrastogi/.rvm/gems/ruby-1.9.2-p290/gems/actionpack-3.1.3/lib/action_dispatch/middleware/templates/rescues/_trace.erb (0.9ms)
Rendered /Users/hrastogi/.rvm/gems/ruby-1.9.2-p290/gems/actionpack-3.1.3/lib/action_dispatch/middleware/templates/rescues/_request_and_response.erb (10.3ms)
Rendered /Users/hrastogi/.rvm/gems/ruby-1.9.2-p290/gems/actionpack-3.1.3/lib/action_dispatch/middleware/templates/rescues/diagnostics.erb within rescues/layout (22.1ms)


Started GET "/users/dashboard" for 127.0.0.1 at 2012-09-24 09:22:33 -0700
  Processing by UsersController#dashboard as HTML
  [1m[36m (0.3ms)[0m  [1mSELECT COUNT(count_column) FROM (SELECT 1 AS count_column FROM `posts` WHERE (status='Closed') LIMIT 2) subquery_for_count [0m
  [1m[35m (0.4ms)[0m  SELECT COUNT(count_column) FROM (SELECT 1 AS count_column FROM `posts` WHERE (status='Open') LIMIT 2) subquery_for_count 
  [1m[36mCACHE (0.0ms)[0m  [1mSELECT COUNT(count_column) FROM (SELECT 1 AS count_column FROM `posts` WHERE (status='Closed') LIMIT 2) subquery_for_count [0m
  [1m[35mCACHE (0.0ms)[0m  SELECT COUNT(count_column) FROM (SELECT 1 AS count_column FROM `posts` WHERE (status='Open') LIMIT 2) subquery_for_count 
  [1m[36mPost Load (0.4ms)[0m  [1mSELECT `posts`.* FROM `posts` WHERE (status='Open') ORDER BY updated_at DESC LIMIT 2[0m
  [1m[35m (0.2ms)[0m  SELECT COUNT(*) FROM `comments` WHERE `comments`.`post_id` = 50
  [1m[36m (0.2ms)[0m  [1mSELECT COUNT(*) FROM `comments` WHERE `comments`.`post_id` = 49[0m
Rendered users/dashboard.erb within layouts/application (106.2ms)
Rendered shared/_dashboard_button_login.erb (2.4ms)
Completed 200 OK in 186ms (Views: 169.4ms | ActiveRecord: 4.3ms)


Started GET "/assets/application.css" for 127.0.0.1 at 2012-09-24 09:22:34 -0700
Compiled application.css  (4ms)  (pid 3443)
Compiled assets.css  (9ms)  (pid 3443)
Compiled comments.css  (0ms)  (pid 3443)
Compiled jquerytablescroll.css  (0ms)  (pid 3443)
Compiled location.css  (1ms)  (pid 3443)
Compiled locations.css  (1ms)  (pid 3443)
Compiled posts.css  (0ms)  (pid 3443)
Compiled scaffolds.css  (12ms)  (pid 3443)
Compiled umvox.css  (1ms)  (pid 3443)
Compiled umvoxqs.css  (0ms)  (pid 3443)
Compiled users.css  (0ms)  (pid 3443)
Compiled welcome.css  (0ms)  (pid 3443)
Served asset /application.css - 304 Not Modified (88ms)


Started GET "/assets/application.js" for 127.0.0.1 at 2012-09-24 09:22:34 -0700
Compiled application.js  (5ms)  (pid 3443)
Compiled jquery.js  (3ms)  (pid 3443)
Compiled jquery_ujs.js  (0ms)  (pid 3443)
Compiled assets.js  (58ms)  (pid 3443)
Compiled comments.js  (53ms)  (pid 3443)
Compiled jquerytablescroll.js  (0ms)  (pid 3443)
Compiled locations.js  (53ms)  (pid 3443)
Compiled posts.js  (87ms)  (pid 3443)
Compiled umvox.js  (53ms)  (pid 3443)
Compiled umvoxqs.js  (54ms)  (pid 3443)
Compiled users.js  (54ms)  (pid 3443)
Compiled welcome.js  (54ms)  (pid 3443)
Served asset /application.js - 200 OK (602ms)


Started GET "/assets/defaults.js" for 127.0.0.1 at 2012-09-24 09:22:35 -0700
Served asset /defaults.js - 404 Not Found (2ms)

ActionController::RoutingError (No route matches [GET] "/assets/defaults.js"):
  

Rendered /Users/hrastogi/.rvm/gems/ruby-1.9.2-p290/gems/actionpack-3.1.3/lib/action_dispatch/middleware/templates/rescues/routing_error.erb within rescues/layout (0.6ms)


Started GET "/posts/new?utf8=%E2%9C%93&commit=File+Umvox" for 127.0.0.1 at 2012-09-24 09:22:37 -0700
  Processing by PostsController#new as HTML
  Parameters: {"utf8"=>"✓", "commit"=>"File Umvox"}
  [1m[35mCategory Load (0.3ms)[0m  SELECT `categories`.* FROM `categories` 
  [1m[36mScenarios Load (0.3ms)[0m  [1mSELECT `scenarios`.* FROM `scenarios` [0m
  [1m[35mCompensation Load (0.2ms)[0m  SELECT `compensations`.* FROM `compensations` 
Rendered posts/_form.html.erb (55.2ms)
Rendered posts/new.html.erb within layouts/application (56.4ms)
Rendered shared/_dashboard_button_login.erb (1.5ms)
Completed 200 OK in 174ms (Views: 59.2ms | ActiveRecord: 9.0ms)


Started GET "/assets/application.css" for 127.0.0.1 at 2012-09-24 09:22:38 -0700
Served asset /application.css - 304 Not Modified (0ms)


Started GET "/assets/defaults.js" for 127.0.0.1 at 2012-09-24 09:22:38 -0700
Served asset /defaults.js - 404 Not Found (2ms)

ActionController::RoutingError (No route matches [GET] "/assets/defaults.js"):
  

Rendered /Users/hrastogi/.rvm/gems/ruby-1.9.2-p290/gems/actionpack-3.1.3/lib/action_dispatch/middleware/templates/rescues/routing_error.erb within rescues/layout (0.5ms)


Started POST "/posts" for 127.0.0.1 at 2012-09-24 09:22:54 -0700
  Processing by PostsController#create as HTML
  Parameters: {"utf8"=>"✓", "authenticity_token"=>"BoG0oxJxxTGjnzGatZ/2xjlY/crbUo963XhTolg1BSY=", "post"=>{"posttype"=>"Question", "status"=>"Open", "question"=>"kpk", "description"=>"pkpk", "category"=>"Online store", "company"=>"", "address"=>"", "scenario"=>["2"], "compensation"=>["Compensation"], "detailinfos_attributes"=>{"0"=>{"accountnumber"=>"pk", "referencenumber"=>"kp", "description"=>"kpkp"}}, "assets_attributes"=>{"0"=>{"image"=>#<ActionDispatch::Http::UploadedFile:0x000001055f0518 @original_filename="DSC_1594.JPG", @content_type="image/jpeg", @headers="Content-Disposition: form-data; name=\"post[assets_attributes][0][image]\"; filename=\"DSC_1594.JPG\"\r\nContent-Type: image/jpeg\r\n", @tempfile=#<File:/var/folders/2S/2SNo2CiIEiKpd2HDwCtqS++++TI/-Tmp-/RackMultipart20120924-3443-8o7i5h>>}}, "user_id"=>"4"}, "commit"=>"Create Post"}
[32mCommand[0m :: identify -format %wx%h '/var/folders/2S/2SNo2CiIEiKpd2HDwCtqS++++TI/-Tmp-/DSC_159420120924-3443-1ehyxl4.JPG[0]'
[32mCommand[0m :: identify -format %m '/var/folders/2S/2SNo2CiIEiKpd2HDwCtqS++++TI/-Tmp-/DSC_159420120924-3443-1ehyxl4.JPG[0]'
[32mCommand[0m :: identify -format %m '/var/folders/2S/2SNo2CiIEiKpd2HDwCtqS++++TI/-Tmp-/DSC_159420120924-3443-1ehyxl4.JPG[0]'
[32mCommand[0m :: convert '/var/folders/2S/2SNo2CiIEiKpd2HDwCtqS++++TI/-Tmp-/DSC_159420120924-3443-1ehyxl4.JPG[0]' -auto-orient -resize "640x480>" '/var/folders/2S/2SNo2CiIEiKpd2HDwCtqS++++TI/-Tmp-/DSC_159420120924-3443-1ehyxl420120924-3443-8qgeem'
[32mCommand[0m :: file -b --mime '/var/folders/2S/2SNo2CiIEiKpd2HDwCtqS++++TI/-Tmp-/DSC_159420120924-3443-1ehyxl420120924-3443-8qgeem'
[32mCommand[0m :: identify -format %wx%h '/var/folders/2S/2SNo2CiIEiKpd2HDwCtqS++++TI/-Tmp-/DSC_159420120924-3443-1ehyxl4.JPG[0]'
[32mCommand[0m :: identify -format %m '/var/folders/2S/2SNo2CiIEiKpd2HDwCtqS++++TI/-Tmp-/DSC_159420120924-3443-1ehyxl4.JPG[0]'
[32mCommand[0m :: identify -format %m '/var/folders/2S/2SNo2CiIEiKpd2HDwCtqS++++TI/-Tmp-/DSC_159420120924-3443-1ehyxl4.JPG[0]'
[32mCommand[0m :: convert '/var/folders/2S/2SNo2CiIEiKpd2HDwCtqS++++TI/-Tmp-/DSC_159420120924-3443-1ehyxl4.JPG[0]' -auto-orient -resize "100x" -crop "100x100+0+25" +repage '/var/folders/2S/2SNo2CiIEiKpd2HDwCtqS++++TI/-Tmp-/DSC_159420120924-3443-1ehyxl420120924-3443-htrmzs'
[32mCommand[0m :: file -b --mime '/var/folders/2S/2SNo2CiIEiKpd2HDwCtqS++++TI/-Tmp-/DSC_159420120924-3443-1ehyxl420120924-3443-htrmzs'
  [1m[36mSQL (0.1ms)[0m  [1mBEGIN[0m
  [1m[35mSQL (56.7ms)[0m  INSERT INTO `posts` (`address`, `category`, `company`, `compensation`, `created_at`, `description`, `posttype`, `question`, `scenario`, `status`, `updated_at`, `user_id`) VALUES (?, ?, ?, ?, ?, ?, ?, ?, ?, ?, ?, ?)  [["address", ""], ["category", "Online store"], ["company", ""], ["compensation", ["Compensation"]], ["created_at", Mon, 24 Sep 2012 16:22:54 UTC +00:00], ["description", "pkpk"], ["posttype", "Question"], ["question", "kpk"], ["scenario", ["2"]], ["status", "Open"], ["updated_at", Mon, 24 Sep 2012 16:22:54 UTC +00:00], ["user_id", 4]]
  [1m[36mSQL (1.2ms)[0m  [1mINSERT INTO `detailinfos` (`accountnumber`, `created_at`, `description`, `post_id`, `referencenumber`, `updated_at`) VALUES (?, ?, ?, ?, ?, ?)[0m  [["accountnumber", "pk"], ["created_at", Mon, 24 Sep 2012 16:22:54 UTC +00:00], ["description", "kpkp"], ["post_id", 51], ["referencenumber", "kp"], ["updated_at", Mon, 24 Sep 2012 16:22:54 UTC +00:00]]
  [1m[35mSQL (0.6ms)[0m  INSERT INTO `assets` (`image_content_type`, `image_file_name`, `image_file_size`, `image_updated_at`, `post_id`) VALUES (?, ?, ?, ?, ?)  [["image_content_type", "image/jpeg"], ["image_file_name", "DSC_1594.JPG"], ["image_file_size", 121381], ["image_updated_at", Mon, 24 Sep 2012 16:22:54 UTC +00:00], ["post_id", 51]]
[paperclip] Saving attachments.
[paperclip] saving images/24/original.JPG
  [1m[36m (0.6ms)[0m  [1mROLLBACK[0m
Completed 500 Internal Server Error in 2138ms

AWS::Errors::MissingCredentialsError (
Missing Credentials.

Unable to find AWS credentials.  You can configure your AWS credentials
a few different ways:

* Call AWS.config with :access_key_id and :secret_access_key

* Export AWS_ACCESS_KEY_ID and AWS_SECRET_ACCESS_KEY to ENV

* On EC2 you can run instances with an IAM instance profile and credentials 
  will be auto loaded from the instance metadata service on those
  instances.

* Call AWS.config with :credential_provider.  A credential provider should
  either include AWS::Core::CredentialProviders::Provider or respond to
  the same public methods.

= Ruby on Rails

In a Ruby on Rails application you may also specify your credentials in 
the following ways:

* Via a config initializer script using any of the methods mentioned above
  (e.g. RAILS_ROOT/config/initializers/aws-sdk.rb).

* Via a yaml configuration file located at RAILS_ROOT/config/aws.yml.
  This file should be formated like the default RAILS_ROOT/config/database.yml
  file.

):
  app/controllers/posts_controller.rb:76:in `block in create'
  app/controllers/posts_controller.rb:75:in `create'

Rendered /Users/hrastogi/.rvm/gems/ruby-1.9.2-p290/gems/actionpack-3.1.3/lib/action_dispatch/middleware/templates/rescues/_trace.erb (1.0ms)
Rendered /Users/hrastogi/.rvm/gems/ruby-1.9.2-p290/gems/actionpack-3.1.3/lib/action_dispatch/middleware/templates/rescues/_request_and_response.erb (12.3ms)
Rendered /Users/hrastogi/.rvm/gems/ruby-1.9.2-p290/gems/actionpack-3.1.3/lib/action_dispatch/middleware/templates/rescues/diagnostics.erb within rescues/layout (15.0ms)


Started GET "/posts?utf8=%E2%9C%93&commit=My+Umvox" for 127.0.0.1 at 2012-09-24 09:23:23 -0700
  Processing by PostsController#index as HTML
  Parameters: {"utf8"=>"✓", "commit"=>"My Umvox"}
  [1m[35mPost Load (0.4ms)[0m  SELECT `posts`.* FROM `posts` WHERE `posts`.`user_id` = 4
Rendered posts/index.html.erb within layouts/application (12.6ms)
Rendered shared/_dashboard_button_login.erb (1.6ms)
Completed 200 OK in 45ms (Views: 19.8ms | ActiveRecord: 1.6ms)


Started GET "/assets/application.css" for 127.0.0.1 at 2012-09-24 09:23:23 -0700
Served asset /application.css - 304 Not Modified (0ms)


Started GET "/assets/defaults.js" for 127.0.0.1 at 2012-09-24 09:23:23 -0700
Served asset /defaults.js - 404 Not Found (2ms)

ActionController::RoutingError (No route matches [GET] "/assets/defaults.js"):
  

Rendered /Users/hrastogi/.rvm/gems/ruby-1.9.2-p290/gems/actionpack-3.1.3/lib/action_dispatch/middleware/templates/rescues/routing_error.erb within rescues/layout (0.5ms)


Started GET "/posts/7" for 127.0.0.1 at 2012-09-24 09:23:25 -0700
  Processing by PostsController#show as HTML
  Parameters: {"id"=>"7"}
  [1m[36mPost Load (0.3ms)[0m  [1mSELECT `posts`.* FROM `posts` WHERE `posts`.`id` = ? LIMIT 1[0m  [["id", "7"]]
  [1m[35mUser Load (0.3ms)[0m  SELECT `users`.* FROM `users` WHERE `users`.`id` = ? LIMIT 1  [["id", 4]]
  [1m[36mCategory Load (0.2ms)[0m  [1mSELECT `categories`.* FROM `categories` [0m
  [1m[35m (0.4ms)[0m  SELECT COUNT(*) FROM `comments` WHERE `comments`.`post_id` = 7
  [1m[36mComment Load (0.3ms)[0m  [1mSELECT `comments`.* FROM `comments` WHERE `comments`.`post_id` = 7[0m
Rendered comments/_comment.erb (3.6ms)
Rendered posts/show.html.erb within layouts/application (80.3ms)
Rendered shared/_dashboard_button_login.erb (1.7ms)
Completed 200 OK in 90ms (Views: 83.2ms | ActiveRecord: 5.6ms)


Started GET "/assets/application.css" for 127.0.0.1 at 2012-09-24 09:23:25 -0700
Served asset /application.css - 304 Not Modified (0ms)


Started GET "/assets/defaults.js" for 127.0.0.1 at 2012-09-24 09:23:25 -0700
Served asset /defaults.js - 404 Not Found (1ms)

ActionController::RoutingError (No route matches [GET] "/assets/defaults.js"):
  

Rendered /Users/hrastogi/.rvm/gems/ruby-1.9.2-p290/gems/actionpack-3.1.3/lib/action_dispatch/middleware/templates/rescues/routing_error.erb within rescues/layout (0.5ms)


Started POST "/posts/7/comments" for 127.0.0.1 at 2012-09-24 09:23:32 -0700
  Processing by CommentsController#create as JS
  Parameters: {"utf8"=>"✓", "authenticity_token"=>"BoG0oxJxxTGjnzGatZ/2xjlY/crbUo963XhTolg1BSY=", "comment"=>{"comment"=>"ppp"}, "commit"=>"Add Comment", "post_id"=>"7"}
  [1m[35mPost Load (0.2ms)[0m  SELECT `posts`.* FROM `posts` WHERE `posts`.`id` = ? LIMIT 1  [["id", "7"]]
  [1m[36mSQL (0.1ms)[0m  [1mBEGIN[0m
  [1m[35mSQL (0.9ms)[0m  INSERT INTO `comments` (`comment`, `created_at`, `postDate`, `post_id`, `updated_at`, `userId`, `username`) VALUES (?, ?, ?, ?, ?, ?, ?)  [["comment", "ppp"], ["created_at", Mon, 24 Sep 2012 16:23:32 UTC +00:00], ["postDate", nil], ["post_id", 7], ["updated_at", Mon, 24 Sep 2012 16:23:32 UTC +00:00], ["userId", 4], ["username", "harshit.rastogi.94"]]
  [1m[36m (0.2ms)[0m  [1mCOMMIT[0m
  [1m[35m (0.4ms)[0m  SELECT COUNT(*) FROM `comments` 
Rendered comments/_comment.erb (0.6ms)
Rendered comments/create.js.erb (3.8ms)
Completed 200 OK in 99ms (Views: 27.8ms | ActiveRecord: 4.8ms)


Started GET "/posts?utf8=%E2%9C%93&all=true&commit=All+Umvox" for 127.0.0.1 at 2012-09-24 09:23:35 -0700
  Processing by PostsController#index as HTML
  Parameters: {"utf8"=>"✓", "all"=>"true", "commit"=>"All Umvox"}
  [1m[36mPost Load (0.6ms)[0m  [1mSELECT `posts`.* FROM `posts` [0m
Rendered posts/index.html.erb within layouts/application (21.1ms)
Rendered shared/_dashboard_button_login.erb (1.8ms)
Completed 200 OK in 79ms (Views: 28.7ms | ActiveRecord: 2.5ms)


Started GET "/assets/application.css" for 127.0.0.1 at 2012-09-24 09:23:35 -0700
Served asset /application.css - 304 Not Modified (0ms)


Started GET "/assets/defaults.js" for 127.0.0.1 at 2012-09-24 09:23:35 -0700
Served asset /defaults.js - 404 Not Found (1ms)

ActionController::RoutingError (No route matches [GET] "/assets/defaults.js"):
  

Rendered /Users/hrastogi/.rvm/gems/ruby-1.9.2-p290/gems/actionpack-3.1.3/lib/action_dispatch/middleware/templates/rescues/routing_error.erb within rescues/layout (0.5ms)


Started GET "/posts/50/edit" for 127.0.0.1 at 2012-09-24 09:23:44 -0700
  Processing by PostsController#edit as HTML
  Parameters: {"id"=>"50"}
  [1m[35mPost Load (0.3ms)[0m  SELECT `posts`.* FROM `posts` WHERE `posts`.`id` = ? LIMIT 1  [["id", "50"]]
  [1m[36mCategory Load (0.3ms)[0m  [1mSELECT `categories`.* FROM `categories` [0m
  [1m[35mScenarios Load (0.3ms)[0m  SELECT `scenarios`.* FROM `scenarios` 
  [1m[36mCompensation Load (0.2ms)[0m  [1mSELECT `compensations`.* FROM `compensations` [0m
  [1m[35mDetailinfo Load (0.3ms)[0m  SELECT `detailinfos`.* FROM `detailinfos` WHERE `detailinfos`.`post_id` = 50
  [1m[36mAsset Load (0.4ms)[0m  [1mSELECT `assets`.* FROM `assets` WHERE `assets`.`post_id` = 50[0m
Rendered posts/_form.html.erb (79.4ms)
Rendered posts/edit.html.erb within layouts/application (80.8ms)
Rendered shared/_dashboard_button_login.erb (1.6ms)
Completed 200 OK in 98ms (Views: 81.0ms | ActiveRecord: 7.7ms)


Started GET "/assets/application.css" for 127.0.0.1 at 2012-09-24 09:23:44 -0700
Served asset /application.css - 304 Not Modified (0ms)


Started GET "/assets/defaults.js" for 127.0.0.1 at 2012-09-24 09:23:44 -0700
Served asset /defaults.js - 404 Not Found (2ms)

ActionController::RoutingError (No route matches [GET] "/assets/defaults.js"):
  

Rendered /Users/hrastogi/.rvm/gems/ruby-1.9.2-p290/gems/actionpack-3.1.3/lib/action_dispatch/middleware/templates/rescues/routing_error.erb within rescues/layout (0.5ms)


Started GET "/users/dashboard" for 127.0.0.1 at 2012-09-24 21:53:44 -0700
  Processing by UsersController#dashboard as HTML
  [1m[36m (0.8ms)[0m  [1mSELECT COUNT(count_column) FROM (SELECT 1 AS count_column FROM `posts` WHERE (status='Closed') LIMIT 2) subquery_for_count [0m
  [1m[35m (0.4ms)[0m  SELECT COUNT(count_column) FROM (SELECT 1 AS count_column FROM `posts` WHERE (status='Open') LIMIT 2) subquery_for_count 
Rendered users/dashboard.erb within layouts/application (60.7ms)
Completed 500 Internal Server Error in 194ms

ActionView::Template::Error (undefined method `firstname' for nil:NilClass):
    1:     <h3>Welcome <%= (session[:user]).firstname%></h3>
    2:     <p>
    3:       File A Complaint
    4:     </p>
  app/views/users/dashboard.erb:1:in `_app_views_users_dashboard_erb__843755999857724335_2214293080'

Rendered /Users/hrastogi/.rvm/gems/ruby-1.9.2-p290/gems/actionpack-3.1.3/lib/action_dispatch/middleware/templates/rescues/_trace.erb (2.0ms)
Rendered /Users/hrastogi/.rvm/gems/ruby-1.9.2-p290/gems/actionpack-3.1.3/lib/action_dispatch/middleware/templates/rescues/_request_and_response.erb (1.4ms)
Rendered /Users/hrastogi/.rvm/gems/ruby-1.9.2-p290/gems/actionpack-3.1.3/lib/action_dispatch/middleware/templates/rescues/template_error.erb within rescues/layout (7.0ms)


Started GET "/users/login" for 127.0.0.1 at 2012-09-24 21:53:51 -0700

AbstractController::ActionNotFound (The action 'show' could not be found for UsersController):
  

Rendered /Users/hrastogi/.rvm/gems/ruby-1.9.2-p290/gems/actionpack-3.1.3/lib/action_dispatch/middleware/templates/rescues/unknown_action.erb within rescues/layout (0.4ms)


Started GET "/welcome" for 127.0.0.1 at 2012-09-24 21:54:32 -0700
  Processing by WelcomeController#index as HTML
Rendered welcome/index.erb within layouts/welcome (17.4ms)
Completed 200 OK in 100ms (Views: 99.5ms | ActiveRecord: 0.0ms)


Started GET "/assets/application.css" for 127.0.0.1 at 2012-09-24 21:54:33 -0700
Served asset /application.css - 304 Not Modified (19ms)


Started GET "/assets/application.js" for 127.0.0.1 at 2012-09-24 21:54:33 -0700
Served asset /application.js - 304 Not Modified (20ms)


Started GET "/assets/facebooklogin.png" for 127.0.0.1 at 2012-09-24 21:54:33 -0700
Served asset /facebooklogin.png - 304 Not Modified (4ms)


Started POST "/welcome/login" for 127.0.0.1 at 2012-09-24 21:54:35 -0700
  Processing by WelcomeController#login as HTML
  Parameters: {"utf8"=>"✓", "authenticity_token"=>"KEWEX1DYGq5mAHPH1IuzKVgmgKPUHP1knvnLC9gizhs=", "x"=>"36", "y"=>"6"}
Redirected to https://graph.facebook.com/oauth/authorize?client_id=151026538323899&redirect_uri=http%3A%2F%2Flocalhost%3A3000%2Fwelcome%2Fcallback%2F&scope=friends_checkins
Completed 302 Found in 6ms


Started GET "/welcome/callback/?code=AQDwF6zNiHBwf8403tlg7rq8Q0RahKqiQTtfy8U42WvyOSffsksfQJppRj7RXMAIEAZ6MAgt9xEtM1HAYm_gcnPV6IEt5vKmdvL-t-JWgWme7WwCqOypK39C3ymBQvADmsgqUK9Iwj7qkZ6AbashmQ2eLMJR1xLeInuvtjzzVewQbDRvTamHiMnKywZkhCknSgO1eMB7fmq0OBLvqvSmelGZ" for 127.0.0.1 at 2012-09-24 21:54:42 -0700
  Processing by WelcomeController#callback as HTML
  Parameters: {"code"=>"AQDwF6zNiHBwf8403tlg7rq8Q0RahKqiQTtfy8U42WvyOSffsksfQJppRj7RXMAIEAZ6MAgt9xEtM1HAYm_gcnPV6IEt5vKmdvL-t-JWgWme7WwCqOypK39C3ymBQvADmsgqUK9Iwj7qkZ6AbashmQ2eLMJR1xLeInuvtjzzVewQbDRvTamHiMnKywZkhCknSgO1eMB7fmq0OBLvqvSmelGZ"}
Redirected to http://localhost:3000/users/signin
Completed 302 Found in 905ms


Started GET "/users/signin" for 127.0.0.1 at 2012-09-24 21:54:43 -0700
  Processing by UsersController#signin as HTML
  [1m[36mUser Load (0.7ms)[0m  [1mSELECT `users`.* FROM `users` WHERE `users`.`fbid` = '659276550'[0m
Redirected to http://localhost:3000/users/dashboard
Completed 302 Found in 470ms


Started GET "/users/dashboard" for 127.0.0.1 at 2012-09-24 21:54:43 -0700
  Processing by UsersController#dashboard as HTML
  [1m[35m (0.6ms)[0m  SELECT COUNT(count_column) FROM (SELECT 1 AS count_column FROM `posts` WHERE (status='Closed') LIMIT 2) subquery_for_count 
  [1m[36m (0.6ms)[0m  [1mSELECT COUNT(count_column) FROM (SELECT 1 AS count_column FROM `posts` WHERE (status='Open') LIMIT 2) subquery_for_count [0m
  [1m[35mCACHE (0.0ms)[0m  SELECT COUNT(count_column) FROM (SELECT 1 AS count_column FROM `posts` WHERE (status='Closed') LIMIT 2) subquery_for_count 
  [1m[36mCACHE (0.0ms)[0m  [1mSELECT COUNT(count_column) FROM (SELECT 1 AS count_column FROM `posts` WHERE (status='Open') LIMIT 2) subquery_for_count [0m
  [1m[35mPost Load (0.7ms)[0m  SELECT `posts`.* FROM `posts` WHERE (status='Open') ORDER BY updated_at DESC LIMIT 2
  [1m[36m (0.3ms)[0m  [1mSELECT COUNT(*) FROM `comments` WHERE `comments`.`post_id` = 50[0m
  [1m[35m (0.4ms)[0m  SELECT COUNT(*) FROM `comments` WHERE `comments`.`post_id` = 49
Rendered users/dashboard.erb within layouts/application (101.1ms)
Rendered shared/_dashboard_button_login.erb (4.1ms)
Completed 200 OK in 214ms (Views: 154.6ms | ActiveRecord: 7.1ms)


Started GET "/assets/application.css" for 127.0.0.1 at 2012-09-24 21:54:44 -0700
Served asset /application.css - 304 Not Modified (0ms)


Started GET "/assets/application.js" for 127.0.0.1 at 2012-09-24 21:54:44 -0700
Served asset /application.js - 304 Not Modified (0ms)


Started GET "/assets/defaults.js" for 127.0.0.1 at 2012-09-24 21:54:44 -0700
Served asset /defaults.js - 404 Not Found (3ms)

ActionController::RoutingError (No route matches [GET] "/assets/defaults.js"):
  

Rendered /Users/hrastogi/.rvm/gems/ruby-1.9.2-p290/gems/actionpack-3.1.3/lib/action_dispatch/middleware/templates/rescues/routing_error.erb within rescues/layout (0.8ms)


Started GET "/posts?utf8=%E2%9C%93&commit=My+Umvox" for 127.0.0.1 at 2012-09-24 21:54:54 -0700
  Processing by PostsController#index as HTML
  Parameters: {"utf8"=>"✓", "commit"=>"My Umvox"}
  [1m[36mPost Load (0.6ms)[0m  [1mSELECT `posts`.* FROM `posts` WHERE `posts`.`user_id` = 4[0m
Rendered posts/index.html.erb within layouts/application (16.7ms)
Rendered shared/_dashboard_button_login.erb (2.3ms)
Completed 200 OK in 54ms (Views: 25.9ms | ActiveRecord: 3.0ms)


Started GET "/assets/application.css" for 127.0.0.1 at 2012-09-24 21:54:54 -0700
Served asset /application.css - 304 Not Modified (4ms)


Started GET "/assets/application.js" for 127.0.0.1 at 2012-09-24 21:54:54 -0700
Served asset /application.js - 304 Not Modified (0ms)


Started GET "/assets/defaults.js" for 127.0.0.1 at 2012-09-24 21:54:54 -0700
Served asset /defaults.js - 404 Not Found (3ms)

ActionController::RoutingError (No route matches [GET] "/assets/defaults.js"):
  

Rendered /Users/hrastogi/.rvm/gems/ruby-1.9.2-p290/gems/actionpack-3.1.3/lib/action_dispatch/middleware/templates/rescues/routing_error.erb within rescues/layout (0.7ms)


Started GET "/posts?utf8=%E2%9C%93&all=true&commit=All+Umvox" for 127.0.0.1 at 2012-09-24 21:54:57 -0700
  Processing by PostsController#index as HTML
  Parameters: {"utf8"=>"✓", "all"=>"true", "commit"=>"All Umvox"}
  [1m[35mPost Load (0.7ms)[0m  SELECT `posts`.* FROM `posts` 
Rendered posts/index.html.erb within layouts/application (63.6ms)
Rendered shared/_dashboard_button_login.erb (2.2ms)
Completed 200 OK in 101ms (Views: 72.6ms | ActiveRecord: 2.8ms)


Started GET "/assets/application.css" for 127.0.0.1 at 2012-09-24 21:54:57 -0700
Served asset /application.css - 304 Not Modified (0ms)


Started GET "/assets/application.js" for 127.0.0.1 at 2012-09-24 21:54:57 -0700
Served asset /application.js - 304 Not Modified (0ms)


Started GET "/assets/defaults.js" for 127.0.0.1 at 2012-09-24 21:54:57 -0700
Served asset /defaults.js - 404 Not Found (4ms)

ActionController::RoutingError (No route matches [GET] "/assets/defaults.js"):
  

Rendered /Users/hrastogi/.rvm/gems/ruby-1.9.2-p290/gems/actionpack-3.1.3/lib/action_dispatch/middleware/templates/rescues/routing_error.erb within rescues/layout (0.7ms)


Started GET "/posts?utf8=%E2%9C%93&commit=My+Umvox" for 127.0.0.1 at 2012-09-24 22:00:31 -0700
  Processing by PostsController#index as HTML
  Parameters: {"utf8"=>"✓", "commit"=>"My Umvox"}
  [1m[36mPost Load (1.0ms)[0m  [1mSELECT `posts`.* FROM `posts` WHERE `posts`.`user_id` = 4[0m
Rendered posts/index.html.erb within layouts/application (38.6ms)
Rendered shared/_dashboard_button_login.erb (37.7ms)
Completed 200 OK in 240ms (Views: 147.9ms | ActiveRecord: 4.1ms)


Started GET "/assets/application.css" for 127.0.0.1 at 2012-09-24 22:00:32 -0700
Served asset /application.css - 304 Not Modified (25ms)


Started GET "/assets/application.js" for 127.0.0.1 at 2012-09-24 22:00:32 -0700
Served asset /application.js - 304 Not Modified (18ms)


Started GET "/assets/defaults.js" for 127.0.0.1 at 2012-09-24 22:00:32 -0700
Served asset /defaults.js - 404 Not Found (6ms)

ActionController::RoutingError (No route matches [GET] "/assets/defaults.js"):
  

Rendered /Users/hrastogi/.rvm/gems/ruby-1.9.2-p290/gems/actionpack-3.1.3/lib/action_dispatch/middleware/templates/rescues/routing_error.erb within rescues/layout (0.8ms)


Started POST "/welcome/logout" for 127.0.0.1 at 2012-09-24 22:00:35 -0700
  Processing by WelcomeController#logout as HTML
  Parameters: {"utf8"=>"✓", "authenticity_token"=>"KEWEX1DYGq5mAHPH1IuzKVgmgKPUHP1knvnLC9gizhs=", "commit"=>"Logout"}
Rendered welcome/index.erb within layouts/welcome (0.3ms)
Completed 200 OK in 6ms (Views: 5.6ms | ActiveRecord: 0.0ms)


Started GET "/assets/application.css" for 127.0.0.1 at 2012-09-24 22:00:35 -0700
Served asset /application.css - 304 Not Modified (0ms)


Started GET "/assets/application.js" for 127.0.0.1 at 2012-09-24 22:00:35 -0700
Served asset /application.js - 304 Not Modified (1ms)


Started GET "/assets/facebooklogin.png" for 127.0.0.1 at 2012-09-24 22:00:35 -0700
Served asset /facebooklogin.png - 304 Not Modified (1ms)


Started POST "/welcome/login" for 127.0.0.1 at 2012-09-24 22:00:38 -0700
  Processing by WelcomeController#login as HTML
  Parameters: {"utf8"=>"✓", "authenticity_token"=>"KEWEX1DYGq5mAHPH1IuzKVgmgKPUHP1knvnLC9gizhs=", "x"=>"44", "y"=>"4"}
Redirected to https://graph.facebook.com/oauth/authorize?client_id=151026538323899&redirect_uri=http%3A%2F%2Flocalhost%3A3000%2Fwelcome%2Fcallback%2F&scope=friends_checkins
Completed 302 Found in 6ms


Started GET "/welcome/callback/?code=AQDZTX2shxP-5922bxTuGt4PbLVJW1DyRuWV1XYezOEb_l6kJqqAY1DYDZVLC6YIBCDe2I3t35ezn2uFU62K2suzuUx6hx3-uddpvYHCrPhQWIdg_F2Yl2aA41hy-Q7pa3tZZt8THQRs-abZ7Hh7qY2pR0SuFAZ_8ZIGlYAH9l2N19C88YuQPJX2Xxxct2n9j1LvwZuIgDx5rSLAHXrJUsaO" for 127.0.0.1 at 2012-09-24 22:00:39 -0700
  Processing by WelcomeController#callback as HTML
  Parameters: {"code"=>"AQDZTX2shxP-5922bxTuGt4PbLVJW1DyRuWV1XYezOEb_l6kJqqAY1DYDZVLC6YIBCDe2I3t35ezn2uFU62K2suzuUx6hx3-uddpvYHCrPhQWIdg_F2Yl2aA41hy-Q7pa3tZZt8THQRs-abZ7Hh7qY2pR0SuFAZ_8ZIGlYAH9l2N19C88YuQPJX2Xxxct2n9j1LvwZuIgDx5rSLAHXrJUsaO"}
Redirected to http://localhost:3000/users/signin
Completed 302 Found in 828ms


Started GET "/users/signin" for 127.0.0.1 at 2012-09-24 22:00:40 -0700
  Processing by UsersController#signin as HTML
  [1m[35mUser Load (0.5ms)[0m  SELECT `users`.* FROM `users` WHERE `users`.`fbid` = '659276550'
Redirected to http://localhost:3000/users/dashboard
Completed 302 Found in 408ms


Started GET "/users/dashboard" for 127.0.0.1 at 2012-09-24 22:00:40 -0700
  Processing by UsersController#dashboard as HTML
  [1m[36m (0.4ms)[0m  [1mSELECT COUNT(count_column) FROM (SELECT 1 AS count_column FROM `posts` WHERE (status='Closed') LIMIT 2) subquery_for_count [0m
  [1m[35m (0.3ms)[0m  SELECT COUNT(count_column) FROM (SELECT 1 AS count_column FROM `posts` WHERE (status='Open') LIMIT 2) subquery_for_count 
  [1m[36mCACHE (0.0ms)[0m  [1mSELECT COUNT(count_column) FROM (SELECT 1 AS count_column FROM `posts` WHERE (status='Closed') LIMIT 2) subquery_for_count [0m
  [1m[35mCACHE (0.0ms)[0m  SELECT COUNT(count_column) FROM (SELECT 1 AS count_column FROM `posts` WHERE (status='Open') LIMIT 2) subquery_for_count 
  [1m[36mPost Load (0.5ms)[0m  [1mSELECT `posts`.* FROM `posts` WHERE (status='Open') ORDER BY updated_at DESC LIMIT 2[0m
  [1m[35m (0.3ms)[0m  SELECT COUNT(*) FROM `comments` WHERE `comments`.`post_id` = 50
  [1m[36m (0.3ms)[0m  [1mSELECT COUNT(*) FROM `comments` WHERE `comments`.`post_id` = 49[0m
Rendered users/dashboard.erb within layouts/application (129.9ms)
Rendered shared/_dashboard_button_login.erb (2.4ms)
Completed 200 OK in 161ms (Views: 135.7ms | ActiveRecord: 5.8ms)


Started GET "/assets/application.css" for 127.0.0.1 at 2012-09-24 22:00:40 -0700
Served asset /application.css - 304 Not Modified (0ms)


Started GET "/assets/application.js" for 127.0.0.1 at 2012-09-24 22:00:40 -0700
Served asset /application.js - 304 Not Modified (0ms)


Started GET "/assets/defaults.js" for 127.0.0.1 at 2012-09-24 22:00:40 -0700
Served asset /defaults.js - 404 Not Found (3ms)

ActionController::RoutingError (No route matches [GET] "/assets/defaults.js"):
  

Rendered /Users/hrastogi/.rvm/gems/ruby-1.9.2-p290/gems/actionpack-3.1.3/lib/action_dispatch/middleware/templates/rescues/routing_error.erb within rescues/layout (0.7ms)
