Compiled application.js  (10ms)  (pid 42646)
Compiled jquery.js  (1ms)  (pid 42646)
Compiled jquery_ujs.js  (0ms)  (pid 42646)
Compiled assets.js  (123ms)  (pid 42646)
Compiled comments.js  (121ms)  (pid 42646)
Compiled company.js  (121ms)  (pid 42646)
Compiled company_emails.js  (122ms)  (pid 42646)
Compiled email.js  (168ms)  (pid 42646)
Compiled email_stats.js  (120ms)  (pid 42646)
Compiled jquery-1.7.2.js  (1ms)  (pid 42646)
Compiled jquery.form.validator.js  (0ms)  (pid 42646)
Compiled jquery.validate.js  (0ms)  (pid 42646)
Compiled jquery.validate.min.js  (0ms)  (pid 42646)
Compiled jquerytablescroll.js  (0ms)  (pid 42646)
Compiled locations.js  (122ms)  (pid 42646)
Compiled members.js  (120ms)  (pid 42646)
Compiled posts.js  (174ms)  (pid 42646)
Compiled registrations.js  (119ms)  (pid 42646)
Compiled sessions.js  (164ms)  (pid 42646)
Compiled umvox.js  (120ms)  (pid 42646)
Compiled umvoxqs.js  (120ms)  (pid 42646)
Compiled users.js  (121ms)  (pid 42646)
Compiled welcome.js  (119ms)  (pid 42646)
Compiled rails.validations.js  (0ms)  (pid 42646)
Compiled application.css  (5ms)  (pid 42646)
Compiled assets.css  (5ms)  (pid 42646)
Compiled comments.css  (0ms)  (pid 42646)
Compiled company.css  (0ms)  (pid 42646)
Compiled company_emails.css  (0ms)  (pid 42646)
Compiled email.css  (0ms)  (pid 42646)
Compiled email_stats.css  (0ms)  (pid 42646)
Compiled jquerytablescroll.css  (0ms)  (pid 42646)
Compiled location.css  (0ms)  (pid 42646)
Compiled locations.css  (0ms)  (pid 42646)
Compiled main.css  (0ms)  (pid 42646)
Compiled members.css  (0ms)  (pid 42646)
Compiled posts.css  (0ms)  (pid 42646)
Compiled registrations.css  (0ms)  (pid 42646)
Compiled scaffolds.css  (7ms)  (pid 42646)
Compiled sessions.css  (0ms)  (pid 42646)
Compiled umvox.css  (0ms)  (pid 42646)
Compiled umvoxqs.css  (0ms)  (pid 42646)
Compiled users.css  (0ms)  (pid 42646)
Compiled welcome.css  (0ms)  (pid 42646)
Compiled rails_admin/jquery.colorpicker.js  (0ms)  (pid 42646)
Compiled rails_admin/rails_admin.js  (28ms)  (pid 42646)
Compiled rails_admin/jquery.remotipart.fixed.js  (1ms)  (pid 42646)
Compiled jquery.iframe-transport.js  (0ms)  (pid 42646)
Compiled jquery.ui.effect.js  (0ms)  (pid 42646)
Compiled jquery.ui.sortable.js  (3ms)  (pid 42646)
Compiled jquery.ui.core.js  (1ms)  (pid 42646)
Compiled jquery.ui.widget.js  (0ms)  (pid 42646)
Compiled jquery.ui.mouse.js  (2ms)  (pid 42646)
Compiled jquery.ui.autocomplete.js  (4ms)  (pid 42646)
Compiled jquery.ui.menu.js  (4ms)  (pid 42646)
Compiled jquery.ui.position.js  (0ms)  (pid 42646)
Compiled jquery.ui.datepicker.js  (1ms)  (pid 42646)
Compiled rails_admin/jquery.ui.timepicker.js  (0ms)  (pid 42646)
Compiled rails_admin/ra.datetimepicker.js  (0ms)  (pid 42646)
Compiled rails_admin/ra.filter-box.js  (0ms)  (pid 42646)
Compiled rails_admin/ra.filtering-multiselect.js  (0ms)  (pid 42646)
Compiled rails_admin/ra.filtering-select.js  (0ms)  (pid 42646)
Compiled rails_admin/ra.remote-form.js  (0ms)  (pid 42646)
Compiled rails_admin/jquery.pjax.js  (0ms)  (pid 42646)
Compiled jquery_nested_form.js  (0ms)  (pid 42646)
Compiled rails_admin/ra.nested-form-hooks.js  (145ms)  (pid 42646)
Compiled bootstrap.js  (18ms)  (pid 42646)
Compiled bootstrap-transition.js  (0ms)  (pid 42646)
Compiled bootstrap-affix.js  (0ms)  (pid 42646)
Compiled bootstrap-alert.js  (0ms)  (pid 42646)
Compiled bootstrap-button.js  (0ms)  (pid 42646)
Compiled bootstrap-carousel.js  (0ms)  (pid 42646)
Compiled bootstrap-collapse.js  (0ms)  (pid 42646)
Compiled bootstrap-dropdown.js  (0ms)  (pid 42646)
Compiled bootstrap-modal.js  (0ms)  (pid 42646)
Compiled bootstrap-scrollspy.js  (0ms)  (pid 42646)
Compiled bootstrap-tab.js  (0ms)  (pid 42646)
Compiled bootstrap-tooltip.js  (0ms)  (pid 42646)
Compiled bootstrap-popover.js  (0ms)  (pid 42646)
Compiled bootstrap-typeahead.js  (0ms)  (pid 42646)
Compiled rails_admin/ra.widgets.js  (182ms)  (pid 42646)
Compiled rails_admin/ui.js  (155ms)  (pid 42646)
Compiled rails_admin/custom/ui.js  (119ms)  (pid 42646)
Compiled rails_admin/jquery.colorpicker.css  (23ms)  (pid 42646)
Compiled rails_admin/rails_admin.css  (2524ms)  (pid 42646)
Compiled application.js  (9ms)  (pid 42597)
Compiled jquery.js  (2ms)  (pid 42597)
Compiled jquery_ujs.js  (0ms)  (pid 42597)
Compiled assets.js  (204ms)  (pid 42597)
Compiled comments.js  (121ms)  (pid 42597)
Compiled company.js  (170ms)  (pid 42597)
Compiled company_emails.js  (120ms)  (pid 42597)
Compiled email.js  (122ms)  (pid 42597)
Compiled email_stats.js  (121ms)  (pid 42597)
Compiled jquery-1.7.2.js  (1ms)  (pid 42597)
Compiled jquery.form.validator.js  (0ms)  (pid 42597)
Compiled jquery.validate.js  (0ms)  (pid 42597)
Compiled jquery.validate.min.js  (0ms)  (pid 42597)
Compiled jquerytablescroll.js  (0ms)  (pid 42597)
Compiled locations.js  (122ms)  (pid 42597)
Compiled members.js  (121ms)  (pid 42597)
Compiled posts.js  (220ms)  (pid 42597)
Compiled registrations.js  (121ms)  (pid 42597)
Compiled sessions.js  (120ms)  (pid 42597)
Compiled umvox.js  (121ms)  (pid 42597)
Compiled umvoxqs.js  (122ms)  (pid 42597)
Compiled users.js  (121ms)  (pid 42597)
Compiled welcome.js  (121ms)  (pid 42597)
Compiled rails.validations.js  (1ms)  (pid 42597)
Compiled application.css  (4ms)  (pid 42597)
Compiled assets.css  (10ms)  (pid 42597)
Compiled comments.css  (0ms)  (pid 42597)
Compiled company.css  (0ms)  (pid 42597)
Compiled company_emails.css  (0ms)  (pid 42597)
Compiled email.css  (0ms)  (pid 42597)
Compiled email_stats.css  (0ms)  (pid 42597)
Compiled jquerytablescroll.css  (0ms)  (pid 42597)
Compiled location.css  (0ms)  (pid 42597)
Compiled locations.css  (1ms)  (pid 42597)
Compiled main.css  (0ms)  (pid 42597)
Compiled members.css  (1ms)  (pid 42597)
Compiled posts.css  (0ms)  (pid 42597)
Compiled registrations.css  (1ms)  (pid 42597)
Compiled scaffolds.css  (7ms)  (pid 42597)
Compiled sessions.css  (0ms)  (pid 42597)
Compiled umvox.css  (0ms)  (pid 42597)
Compiled umvoxqs.css  (0ms)  (pid 42597)
Compiled users.css  (0ms)  (pid 42597)
Compiled welcome.css  (0ms)  (pid 42597)
Compiled rails_admin/jquery.colorpicker.js  (0ms)  (pid 42597)
Compiled rails_admin/rails_admin.js  (19ms)  (pid 42597)
Compiled rails_admin/jquery.remotipart.fixed.js  (2ms)  (pid 42597)
Compiled jquery.iframe-transport.js  (1ms)  (pid 42597)
Compiled jquery.ui.effect.js  (0ms)  (pid 42597)
Compiled jquery.ui.sortable.js  (4ms)  (pid 42597)
Compiled jquery.ui.core.js  (2ms)  (pid 42597)
Compiled jquery.ui.widget.js  (0ms)  (pid 42597)
Compiled jquery.ui.mouse.js  (3ms)  (pid 42597)
Compiled jquery.ui.autocomplete.js  (4ms)  (pid 42597)
Compiled jquery.ui.menu.js  (3ms)  (pid 42597)
Compiled jquery.ui.position.js  (0ms)  (pid 42597)
Compiled jquery.ui.datepicker.js  (2ms)  (pid 42597)
Compiled rails_admin/jquery.ui.timepicker.js  (1ms)  (pid 42597)
Compiled rails_admin/ra.datetimepicker.js  (0ms)  (pid 42597)
Compiled rails_admin/ra.filter-box.js  (0ms)  (pid 42597)
Compiled rails_admin/ra.filtering-multiselect.js  (0ms)  (pid 42597)
Compiled rails_admin/ra.filtering-select.js  (0ms)  (pid 42597)
Compiled rails_admin/ra.remote-form.js  (0ms)  (pid 42597)
Compiled rails_admin/jquery.pjax.js  (0ms)  (pid 42597)
Compiled jquery_nested_form.js  (0ms)  (pid 42597)
Compiled rails_admin/ra.nested-form-hooks.js  (150ms)  (pid 42597)
Compiled bootstrap.js  (20ms)  (pid 42597)
Compiled bootstrap-transition.js  (0ms)  (pid 42597)
Compiled bootstrap-affix.js  (0ms)  (pid 42597)
Compiled bootstrap-alert.js  (0ms)  (pid 42597)
Compiled bootstrap-button.js  (0ms)  (pid 42597)
Compiled bootstrap-carousel.js  (0ms)  (pid 42597)
Compiled bootstrap-collapse.js  (0ms)  (pid 42597)
Compiled bootstrap-dropdown.js  (0ms)  (pid 42597)
Compiled bootstrap-modal.js  (0ms)  (pid 42597)
Compiled bootstrap-scrollspy.js  (0ms)  (pid 42597)
Compiled bootstrap-tab.js  (0ms)  (pid 42597)
Compiled bootstrap-tooltip.js  (0ms)  (pid 42597)
Compiled bootstrap-popover.js  (0ms)  (pid 42597)
Compiled bootstrap-typeahead.js  (0ms)  (pid 42597)
Compiled rails_admin/ra.widgets.js  (185ms)  (pid 42597)
Compiled rails_admin/ui.js  (157ms)  (pid 42597)
Compiled rails_admin/custom/ui.js  (121ms)  (pid 42597)
Compiled rails_admin/jquery.colorpicker.css  (24ms)  (pid 42597)
Compiled rails_admin/rails_admin.css  (2613ms)  (pid 42597)
